2025-12-08 23:28:23,011 - __main__ - ERROR - Ошибка инициализации приложения: Can't instantiate abstract class ImprovedVisualizationService without an implementation for abstract methods 'cleanup_old_charts', 'create_category_distribution_chart', 'create_comparison_chart', 'create_trend_chart', 'save_chart_to_file'
2025-12-08 23:28:59,731 - __main__ - ERROR - Ошибка инициализации приложения: Can't instantiate abstract class ImprovedVisualizationService without an implementation for abstract methods 'cleanup_old_charts', 'create_category_distribution_chart', 'create_comparison_chart', 'create_trend_chart', 'save_chart_to_file'
2025-12-08 23:33:58,080 - core.services.improved_visualization_service - INFO - ImprovedVisualizationService initialized. Charts directory: reports/charts
2025-12-08 23:33:58,081 - __main__ - INFO - Приложение успешно инициализировано
2025-12-08 23:34:09,548 - presentation.gui.main_window - ERROR - Ошибка регистрации: 'dict' object has no attribute 'username'
2025-12-08 23:34:11,462 - presentation.gui.main_window - ERROR - Ошибка регистрации: 'dict' object has no attribute 'username'
2025-12-08 23:37:50,551 - presentation.gui.main_window - ERROR - Ошибка регистрации: 'dict' object has no attribute 'username'
2025-12-08 23:37:53,594 - core.services.improved_visualization_service - INFO - ImprovedVisualizationService initialized. Charts directory: reports/charts
2025-12-08 23:37:53,594 - __main__ - INFO - Приложение успешно инициализировано
2025-12-08 23:38:04,743 - presentation.gui.main_window - ERROR - Ошибка регистрации: 'dict' object has no attribute 'username'
2025-12-08 23:45:50,841 - core.services.improved_visualization_service - INFO - ImprovedVisualizationService initialized. Charts directory: reports/charts
2025-12-08 23:45:50,841 - __main__ - INFO - Приложение успешно инициализировано
2025-12-08 23:46:01,743 - presentation.gui.main_window - ERROR - Ошибка входа: 'dict' object has no attribute 'has_admin_privileges'
2025-12-09 09:23:57,957 - core.services.improved_visualization_service - INFO - ImprovedVisualizationService initialized. Charts directory: reports/charts
2025-12-09 09:23:57,958 - __main__ - INFO - Приложение успешно инициализировано
2025-12-09 09:24:09,912 - presentation.gui.main_window - ERROR - Ошибка регистрации: 'dict' object has no attribute 'username'
2025-12-09 09:27:06,532 - core.services.improved_visualization_service - INFO - ImprovedVisualizationService initialized. Charts directory: reports/charts
2025-12-09 09:27:06,532 - __main__ - INFO - Приложение успешно инициализировано
2025-12-09 09:31:24,655 - presentation.gui.main_window - ERROR - Ошибка регистрации: 'dict' object has no attribute 'username'
2025-12-09 09:35:12,766 - core.services.improved_visualization_service - INFO - ImprovedVisualizationService initialized. Charts directory: reports/charts
2025-12-09 09:35:12,767 - __main__ - INFO - Приложение успешно инициализировано
2025-12-09 09:35:19,668 - presentation.gui.main_window - ERROR - Ошибка регистрации: 'dict' object has no attribute 'username'
2025-12-09 09:35:21,534 - presentation.gui.main_window - ERROR - Ошибка регистрации: 'dict' object has no attribute 'username'
2025-12-09 09:35:27,631 - presentation.gui.main_window - ERROR - Ошибка входа: 'dict' object has no attribute 'has_admin_privileges'
